{"/home/vb/laFosse/week4/beyond_stem/server/app.js": {"path":"/home/vb/laFosse/week4/beyond_stem/server/app.js","statementMap":{"0":{"start":{"line":9,"column":16},"end":{"line":9,"column":34}},"1":{"start":{"line":10,"column":13},"end":{"line":10,"column":28}},"2":{"start":{"line":11,"column":22},"end":{"line":11,"column":50}},"3":{"start":{"line":12,"column":19},"end":{"line":12,"column":44}},"4":{"start":{"line":14,"column":18},"end":{"line":14,"column":48}},"5":{"start":{"line":16,"column":15},"end":{"line":16,"column":34}},"6":{"start":{"line":18,"column":12},"end":{"line":18,"column":21}},"7":{"start":{"line":20,"column":0},"end":{"line":20,"column":24}},"8":{"start":{"line":21,"column":0},"end":{"line":21,"column":16}},"9":{"start":{"line":22,"column":0},"end":{"line":22,"column":19}},"10":{"start":{"line":23,"column":0},"end":{"line":23,"column":16}},"11":{"start":{"line":25,"column":0},"end":{"line":30,"column":3}},"12":{"start":{"line":26,"column":2},"end":{"line":29,"column":5}},"13":{"start":{"line":32,"column":0},"end":{"line":32,"column":35}},"14":{"start":{"line":34,"column":0},"end":{"line":34,"column":30}},"15":{"start":{"line":36,"column":0},"end":{"line":36,"column":21}}},"fnMap":{"0":{"name":"(anonymous_0)","decl":{"start":{"line":25,"column":13},"end":{"line":25,"column":14}},"loc":{"start":{"line":25,"column":27},"end":{"line":30,"column":1}},"line":25}},"branchMap":{},"s":{"0":1,"1":1,"2":1,"3":1,"4":1,"5":1,"6":1,"7":1,"8":1,"9":1,"10":1,"11":1,"12":0,"13":1,"14":1,"15":1},"f":{"0":0},"b":{},"_coverageSchema":"1a1c01bbd47fc00a2c39e90264f33305004495a9","hash":"bab77f51d161a82a5a6bfe85b0effcf4ef46e08a"}
,"/home/vb/laFosse/week4/beyond_stem/server/logger.js": {"path":"/home/vb/laFosse/week4/beyond_stem/server/logger.js","statementMap":{"0":{"start":{"line":2,"column":2},"end":{"line":2,"column":42}},"1":{"start":{"line":3,"column":2},"end":{"line":3,"column":9}},"2":{"start":{"line":6,"column":0},"end":{"line":6,"column":24}}},"fnMap":{"0":{"name":"logger","decl":{"start":{"line":1,"column":9},"end":{"line":1,"column":15}},"loc":{"start":{"line":1,"column":32},"end":{"line":4,"column":1}},"line":1}},"branchMap":{},"s":{"0":0,"1":0,"2":1},"f":{"0":0},"b":{},"_coverageSchema":"1a1c01bbd47fc00a2c39e90264f33305004495a9","hash":"2bc298f06ebccddf1f1413ccc8d6b10448c1048e"}
,"/home/vb/laFosse/week4/beyond_stem/server/__tests__/integration/config.js": {"path":"/home/vb/laFosse/week4/beyond_stem/server/__tests__/integration/config.js","statementMap":{"0":{"start":{"line":1,"column":17},"end":{"line":1,"column":30}},"1":{"start":{"line":2,"column":11},"end":{"line":2,"column":24}},"2":{"start":{"line":3,"column":0},"end":{"line":3,"column":27}},"3":{"start":{"line":6,"column":17},"end":{"line":6,"column":69}},"4":{"start":{"line":9,"column":20},"end":{"line":28,"column":1}},"5":{"start":{"line":10,"column":2},"end":{"line":27,"column":3}},"6":{"start":{"line":12,"column":15},"end":{"line":14,"column":6}},"7":{"start":{"line":17,"column":4},"end":{"line":17,"column":29}},"8":{"start":{"line":21,"column":4},"end":{"line":21,"column":19}},"9":{"start":{"line":23,"column":4},"end":{"line":23,"column":46}},"10":{"start":{"line":25,"column":4},"end":{"line":25,"column":50}},"11":{"start":{"line":26,"column":4},"end":{"line":26,"column":14}},"12":{"start":{"line":30,"column":0},"end":{"line":30,"column":33}}},"fnMap":{"0":{"name":"(anonymous_0)","decl":{"start":{"line":9,"column":20},"end":{"line":9,"column":21}},"loc":{"start":{"line":9,"column":32},"end":{"line":28,"column":1}},"line":9}},"branchMap":{},"s":{"0":1,"1":1,"2":1,"3":1,"4":1,"5":0,"6":0,"7":0,"8":0,"9":0,"10":0,"11":0,"12":1},"f":{"0":0},"b":{},"_coverageSchema":"1a1c01bbd47fc00a2c39e90264f33305004495a9","hash":"d58cd1c17711aa21df041e45d6cc3727c53f3db1"}
,"/home/vb/laFosse/week4/beyond_stem/server/controllers/history.js": {"path":"/home/vb/laFosse/week4/beyond_stem/server/controllers/history.js","statementMap":{"0":{"start":{"line":1,"column":16},"end":{"line":1,"column":44}},"1":{"start":{"line":3,"column":2},"end":{"line":8,"column":3}},"2":{"start":{"line":4,"column":25},"end":{"line":4,"column":47}},"3":{"start":{"line":5,"column":4},"end":{"line":5,"column":38}},"4":{"start":{"line":7,"column":4},"end":{"line":7,"column":49}},"5":{"start":{"line":12,"column":2},"end":{"line":18,"column":3}},"6":{"start":{"line":13,"column":15},"end":{"line":13,"column":28}},"7":{"start":{"line":14,"column":24},"end":{"line":14,"column":52}},"8":{"start":{"line":15,"column":4},"end":{"line":15,"column":38}},"9":{"start":{"line":17,"column":4},"end":{"line":17,"column":49}},"10":{"start":{"line":22,"column":2},"end":{"line":28,"column":3}},"11":{"start":{"line":23,"column":17},"end":{"line":23,"column":25}},"12":{"start":{"line":24,"column":27},"end":{"line":24,"column":53}},"13":{"start":{"line":25,"column":4},"end":{"line":25,"column":41}},"14":{"start":{"line":27,"column":4},"end":{"line":27,"column":49}},"15":{"start":{"line":32,"column":2},"end":{"line":40,"column":3}},"16":{"start":{"line":33,"column":15},"end":{"line":33,"column":28}},"17":{"start":{"line":34,"column":17},"end":{"line":34,"column":25}},"18":{"start":{"line":35,"column":24},"end":{"line":35,"column":52}},"19":{"start":{"line":36,"column":19},"end":{"line":36,"column":49}},"20":{"start":{"line":37,"column":4},"end":{"line":37,"column":33}},"21":{"start":{"line":39,"column":4},"end":{"line":39,"column":49}},"22":{"start":{"line":44,"column":2},"end":{"line":51,"column":3}},"23":{"start":{"line":45,"column":15},"end":{"line":45,"column":28}},"24":{"start":{"line":46,"column":24},"end":{"line":46,"column":52}},"25":{"start":{"line":47,"column":4},"end":{"line":47,"column":32}},"26":{"start":{"line":48,"column":4},"end":{"line":48,"column":26}},"27":{"start":{"line":50,"column":4},"end":{"line":50,"column":49}},"28":{"start":{"line":54,"column":0},"end":{"line":54,"column":58}}},"fnMap":{"0":{"name":"index","decl":{"start":{"line":2,"column":15},"end":{"line":2,"column":20}},"loc":{"start":{"line":2,"column":31},"end":{"line":9,"column":1}},"line":2},"1":{"name":"show","decl":{"start":{"line":11,"column":15},"end":{"line":11,"column":19}},"loc":{"start":{"line":11,"column":30},"end":{"line":19,"column":1}},"line":11},"2":{"name":"create","decl":{"start":{"line":21,"column":15},"end":{"line":21,"column":21}},"loc":{"start":{"line":21,"column":32},"end":{"line":29,"column":1}},"line":21},"3":{"name":"update","decl":{"start":{"line":31,"column":15},"end":{"line":31,"column":21}},"loc":{"start":{"line":31,"column":32},"end":{"line":41,"column":1}},"line":31},"4":{"name":"destroy","decl":{"start":{"line":43,"column":15},"end":{"line":43,"column":22}},"loc":{"start":{"line":43,"column":33},"end":{"line":52,"column":1}},"line":43}},"branchMap":{},"s":{"0":2,"1":2,"2":2,"3":1,"4":1,"5":2,"6":2,"7":2,"8":1,"9":1,"10":2,"11":2,"12":2,"13":1,"14":1,"15":2,"16":2,"17":2,"18":2,"19":1,"20":1,"21":1,"22":2,"23":2,"24":2,"25":1,"26":1,"27":1,"28":2},"f":{"0":2,"1":2,"2":2,"3":2,"4":2},"b":{},"_coverageSchema":"1a1c01bbd47fc00a2c39e90264f33305004495a9","hash":"883cf8aed4614d5f66496aea82f1238d945d9e18"}
,"/home/vb/laFosse/week4/beyond_stem/server/controllers/user.js": {"path":"/home/vb/laFosse/week4/beyond_stem/server/controllers/user.js","statementMap":{"0":{"start":{"line":1,"column":15},"end":{"line":1,"column":32}},"1":{"start":{"line":2,"column":12},"end":{"line":2,"column":35}},"2":{"start":{"line":4,"column":13},"end":{"line":4,"column":38}},"3":{"start":{"line":7,"column":2},"end":{"line":21,"column":3}},"4":{"start":{"line":8,"column":17},"end":{"line":8,"column":25}},"5":{"start":{"line":11,"column":17},"end":{"line":11,"column":79}},"6":{"start":{"line":14,"column":4},"end":{"line":14,"column":62}},"7":{"start":{"line":15,"column":4},"end":{"line":15,"column":22}},"8":{"start":{"line":16,"column":19},"end":{"line":16,"column":42}},"9":{"start":{"line":18,"column":4},"end":{"line":18,"column":33}},"10":{"start":{"line":20,"column":4},"end":{"line":20,"column":49}},"11":{"start":{"line":25,"column":15},"end":{"line":25,"column":23}},"12":{"start":{"line":26,"column":2},"end":{"line":56,"column":3}},"13":{"start":{"line":27,"column":17},"end":{"line":27,"column":59}},"14":{"start":{"line":28,"column":4},"end":{"line":30,"column":5}},"15":{"start":{"line":29,"column":6},"end":{"line":29,"column":52}},"16":{"start":{"line":31,"column":18},"end":{"line":31,"column":68}},"17":{"start":{"line":33,"column":4},"end":{"line":53,"column":5}},"18":{"start":{"line":34,"column":22},"end":{"line":34,"column":49}},"19":{"start":{"line":35,"column":24},"end":{"line":43,"column":7}},"20":{"start":{"line":36,"column":8},"end":{"line":38,"column":9}},"21":{"start":{"line":37,"column":10},"end":{"line":37,"column":55}},"22":{"start":{"line":39,"column":8},"end":{"line":42,"column":11}},"23":{"start":{"line":45,"column":6},"end":{"line":50,"column":8}},"24":{"start":{"line":52,"column":6},"end":{"line":52,"column":57}},"25":{"start":{"line":55,"column":4},"end":{"line":55,"column":49}},"26":{"start":{"line":59,"column":0},"end":{"line":62,"column":2}}},"fnMap":{"0":{"name":"register","decl":{"start":{"line":6,"column":15},"end":{"line":6,"column":23}},"loc":{"start":{"line":6,"column":34},"end":{"line":22,"column":1}},"line":6},"1":{"name":"login","decl":{"start":{"line":24,"column":15},"end":{"line":24,"column":20}},"loc":{"start":{"line":24,"column":31},"end":{"line":57,"column":1}},"line":24},"2":{"name":"(anonymous_2)","decl":{"start":{"line":35,"column":24},"end":{"line":35,"column":25}},"loc":{"start":{"line":35,"column":40},"end":{"line":43,"column":7}},"line":35}},"branchMap":{"0":{"loc":{"start":{"line":28,"column":4},"end":{"line":30,"column":5}},"type":"if","locations":[{"start":{"line":28,"column":4},"end":{"line":30,"column":5}},{"start":{},"end":{}}],"line":28},"1":{"loc":{"start":{"line":33,"column":4},"end":{"line":53,"column":5}},"type":"if","locations":[{"start":{"line":33,"column":4},"end":{"line":53,"column":5}},{"start":{"line":51,"column":11},"end":{"line":53,"column":5}}],"line":33},"2":{"loc":{"start":{"line":36,"column":8},"end":{"line":38,"column":9}},"type":"if","locations":[{"start":{"line":36,"column":8},"end":{"line":38,"column":9}},{"start":{},"end":{}}],"line":36}},"s":{"0":1,"1":1,"2":1,"3":0,"4":0,"5":0,"6":0,"7":0,"8":0,"9":0,"10":0,"11":0,"12":0,"13":0,"14":0,"15":0,"16":0,"17":0,"18":0,"19":0,"20":0,"21":0,"22":0,"23":0,"24":0,"25":0,"26":1},"f":{"0":0,"1":0,"2":0},"b":{"0":[0,0],"1":[0,0],"2":[0,0]},"_coverageSchema":"1a1c01bbd47fc00a2c39e90264f33305004495a9","hash":"3f86ebe03df088ab417a8db53c5d0c12197d5c44"}
,"/home/vb/laFosse/week4/beyond_stem/server/db/connect.js": {"path":"/home/vb/laFosse/week4/beyond_stem/server/db/connect.js","statementMap":{"0":{"start":{"line":1,"column":17},"end":{"line":1,"column":30}},"1":{"start":{"line":3,"column":11},"end":{"line":5,"column":2}},"2":{"start":{"line":7,"column":0},"end":{"line":7,"column":19}}},"fnMap":{},"branchMap":{"0":{"loc":{"start":{"line":4,"column":22},"end":{"line":4,"column":99}},"type":"cond-expr","locations":[{"start":{"line":4,"column":55},"end":{"line":4,"column":78}},{"start":{"line":4,"column":81},"end":{"line":4,"column":99}}],"line":4}},"s":{"0":4,"1":4,"2":4},"f":{},"b":{"0":[4,0]},"_coverageSchema":"1a1c01bbd47fc00a2c39e90264f33305004495a9","hash":"eac29ddc40367be72b837d9e690fdd9960f238ec"}
,"/home/vb/laFosse/week4/beyond_stem/server/middleware/logger.js": {"path":"/home/vb/laFosse/week4/beyond_stem/server/middleware/logger.js","statementMap":{"0":{"start":{"line":2,"column":2},"end":{"line":2,"column":43}},"1":{"start":{"line":3,"column":2},"end":{"line":3,"column":9}},"2":{"start":{"line":6,"column":0},"end":{"line":6,"column":27}}},"fnMap":{"0":{"name":"logRoutes","decl":{"start":{"line":1,"column":9},"end":{"line":1,"column":18}},"loc":{"start":{"line":1,"column":35},"end":{"line":4,"column":1}},"line":1}},"branchMap":{},"s":{"0":0,"1":0,"2":1},"f":{"0":0},"b":{},"_coverageSchema":"1a1c01bbd47fc00a2c39e90264f33305004495a9","hash":"3d7a52bee9484a7054ae74d1cfb055b8af3da1e6"}
,"/home/vb/laFosse/week4/beyond_stem/server/models/History.js": {"path":"/home/vb/laFosse/week4/beyond_stem/server/models/History.js","statementMap":{"0":{"start":{"line":1,"column":11},"end":{"line":1,"column":35}},"1":{"start":{"line":5,"column":4},"end":{"line":5,"column":17}},"2":{"start":{"line":6,"column":4},"end":{"line":6,"column":21}},"3":{"start":{"line":7,"column":4},"end":{"line":7,"column":29}},"4":{"start":{"line":11,"column":21},"end":{"line":11,"column":66}},"5":{"start":{"line":12,"column":4},"end":{"line":14,"column":5}},"6":{"start":{"line":13,"column":6},"end":{"line":13,"column":53}},"7":{"start":{"line":15,"column":4},"end":{"line":15,"column":52}},"8":{"start":{"line":15,"column":36},"end":{"line":15,"column":50}},"9":{"start":{"line":19,"column":21},"end":{"line":22,"column":5}},"10":{"start":{"line":23,"column":4},"end":{"line":25,"column":5}},"11":{"start":{"line":24,"column":6},"end":{"line":24,"column":56}},"12":{"start":{"line":26,"column":4},"end":{"line":26,"column":41}},"13":{"start":{"line":30,"column":31},"end":{"line":30,"column":35}},"14":{"start":{"line":32,"column":19},"end":{"line":35,"column":5}},"15":{"start":{"line":37,"column":4},"end":{"line":37,"column":41}},"16":{"start":{"line":41,"column":31},"end":{"line":41,"column":35}},"17":{"start":{"line":43,"column":21},"end":{"line":46,"column":5}},"18":{"start":{"line":48,"column":4},"end":{"line":50,"column":5}},"19":{"start":{"line":49,"column":6},"end":{"line":49,"column":56}},"20":{"start":{"line":51,"column":4},"end":{"line":51,"column":41}},"21":{"start":{"line":55,"column":21},"end":{"line":58,"column":5}},"22":{"start":{"line":60,"column":4},"end":{"line":62,"column":5}},"23":{"start":{"line":61,"column":6},"end":{"line":61,"column":56}},"24":{"start":{"line":64,"column":4},"end":{"line":64,"column":41}},"25":{"start":{"line":68,"column":0},"end":{"line":68,"column":25}}},"fnMap":{"0":{"name":"(anonymous_0)","decl":{"start":{"line":4,"column":2},"end":{"line":4,"column":3}},"loc":{"start":{"line":4,"column":38},"end":{"line":8,"column":3}},"line":4},"1":{"name":"(anonymous_1)","decl":{"start":{"line":10,"column":2},"end":{"line":10,"column":3}},"loc":{"start":{"line":10,"column":24},"end":{"line":16,"column":3}},"line":10},"2":{"name":"(anonymous_2)","decl":{"start":{"line":15,"column":29},"end":{"line":15,"column":30}},"loc":{"start":{"line":15,"column":36},"end":{"line":15,"column":50}},"line":15},"3":{"name":"(anonymous_3)","decl":{"start":{"line":18,"column":2},"end":{"line":18,"column":3}},"loc":{"start":{"line":18,"column":30},"end":{"line":27,"column":3}},"line":18},"4":{"name":"(anonymous_4)","decl":{"start":{"line":29,"column":2},"end":{"line":29,"column":3}},"loc":{"start":{"line":29,"column":28},"end":{"line":38,"column":3}},"line":29},"5":{"name":"(anonymous_5)","decl":{"start":{"line":40,"column":2},"end":{"line":40,"column":3}},"loc":{"start":{"line":40,"column":21},"end":{"line":52,"column":3}},"line":40},"6":{"name":"(anonymous_6)","decl":{"start":{"line":54,"column":2},"end":{"line":54,"column":3}},"loc":{"start":{"line":54,"column":18},"end":{"line":65,"column":3}},"line":54}},"branchMap":{"0":{"loc":{"start":{"line":12,"column":4},"end":{"line":14,"column":5}},"type":"if","locations":[{"start":{"line":12,"column":4},"end":{"line":14,"column":5}},{"start":{},"end":{}}],"line":12},"1":{"loc":{"start":{"line":23,"column":4},"end":{"line":25,"column":5}},"type":"if","locations":[{"start":{"line":23,"column":4},"end":{"line":25,"column":5}},{"start":{},"end":{}}],"line":23},"2":{"loc":{"start":{"line":48,"column":4},"end":{"line":50,"column":5}},"type":"if","locations":[{"start":{"line":48,"column":4},"end":{"line":50,"column":5}},{"start":{},"end":{}}],"line":48},"3":{"loc":{"start":{"line":60,"column":4},"end":{"line":62,"column":5}},"type":"if","locations":[{"start":{"line":60,"column":4},"end":{"line":62,"column":5}},{"start":{},"end":{}}],"line":60}},"s":{"0":3,"1":15,"2":15,"3":15,"4":2,"5":2,"6":1,"7":1,"8":3,"9":2,"10":2,"11":1,"12":1,"13":1,"14":1,"15":1,"16":2,"17":2,"18":1,"19":0,"20":1,"21":2,"22":1,"23":0,"24":1,"25":3},"f":{"0":15,"1":2,"2":3,"3":2,"4":1,"5":2,"6":2},"b":{"0":[1,1],"1":[1,1],"2":[0,1],"3":[0,1]},"_coverageSchema":"1a1c01bbd47fc00a2c39e90264f33305004495a9","hash":"00e86c586d9e962b2e4e085989835e1961abaf27"}
,"/home/vb/laFosse/week4/beyond_stem/server/models/User.js": {"path":"/home/vb/laFosse/week4/beyond_stem/server/models/User.js","statementMap":{"0":{"start":{"line":1,"column":11},"end":{"line":1,"column":35}},"1":{"start":{"line":5,"column":4},"end":{"line":5,"column":22}},"2":{"start":{"line":6,"column":4},"end":{"line":6,"column":29}},"3":{"start":{"line":7,"column":4},"end":{"line":7,"column":29}},"4":{"start":{"line":11,"column":21},"end":{"line":14,"column":5}},"5":{"start":{"line":15,"column":4},"end":{"line":17,"column":5}},"6":{"start":{"line":16,"column":6},"end":{"line":16,"column":48}},"7":{"start":{"line":18,"column":4},"end":{"line":18,"column":38}},"8":{"start":{"line":22,"column":21},"end":{"line":25,"column":5}},"9":{"start":{"line":26,"column":4},"end":{"line":28,"column":5}},"10":{"start":{"line":27,"column":6},"end":{"line":27,"column":48}},"11":{"start":{"line":29,"column":4},"end":{"line":29,"column":38}},"12":{"start":{"line":33,"column":35},"end":{"line":33,"column":39}},"13":{"start":{"line":34,"column":19},"end":{"line":37,"column":5}},"14":{"start":{"line":38,"column":18},"end":{"line":38,"column":42}},"15":{"start":{"line":39,"column":20},"end":{"line":39,"column":48}},"16":{"start":{"line":40,"column":4},"end":{"line":40,"column":19}},"17":{"start":{"line":44,"column":0},"end":{"line":44,"column":22}}},"fnMap":{"0":{"name":"(anonymous_0)","decl":{"start":{"line":4,"column":2},"end":{"line":4,"column":3}},"loc":{"start":{"line":4,"column":47},"end":{"line":8,"column":3}},"line":4},"1":{"name":"(anonymous_1)","decl":{"start":{"line":10,"column":2},"end":{"line":10,"column":3}},"loc":{"start":{"line":10,"column":30},"end":{"line":19,"column":3}},"line":10},"2":{"name":"(anonymous_2)","decl":{"start":{"line":21,"column":2},"end":{"line":21,"column":3}},"loc":{"start":{"line":21,"column":42},"end":{"line":30,"column":3}},"line":21},"3":{"name":"(anonymous_3)","decl":{"start":{"line":32,"column":2},"end":{"line":32,"column":3}},"loc":{"start":{"line":32,"column":28},"end":{"line":41,"column":3}},"line":32}},"branchMap":{"0":{"loc":{"start":{"line":15,"column":4},"end":{"line":17,"column":5}},"type":"if","locations":[{"start":{"line":15,"column":4},"end":{"line":17,"column":5}},{"start":{},"end":{}}],"line":15},"1":{"loc":{"start":{"line":26,"column":4},"end":{"line":28,"column":5}},"type":"if","locations":[{"start":{"line":26,"column":4},"end":{"line":28,"column":5}},{"start":{},"end":{}}],"line":26}},"s":{"0":2,"1":2,"2":2,"3":2,"4":3,"5":3,"6":2,"7":1,"8":1,"9":1,"10":0,"11":1,"12":0,"13":0,"14":0,"15":0,"16":0,"17":2},"f":{"0":2,"1":3,"2":1,"3":0},"b":{"0":[2,1],"1":[0,1]},"_coverageSchema":"1a1c01bbd47fc00a2c39e90264f33305004495a9","hash":"c870142019e11ad685ef44a834b437e0a5af95c9"}
,"/home/vb/laFosse/week4/beyond_stem/server/routers/history.js": {"path":"/home/vb/laFosse/week4/beyond_stem/server/routers/history.js","statementMap":{"0":{"start":{"line":1,"column":19},"end":{"line":1,"column":37}},"1":{"start":{"line":2,"column":26},"end":{"line":2,"column":59}},"2":{"start":{"line":5,"column":22},"end":{"line":5,"column":30}},"3":{"start":{"line":7,"column":0},"end":{"line":7,"column":48}},"4":{"start":{"line":8,"column":0},"end":{"line":8,"column":50}},"5":{"start":{"line":9,"column":0},"end":{"line":9,"column":50}},"6":{"start":{"line":10,"column":0},"end":{"line":10,"column":54}},"7":{"start":{"line":11,"column":0},"end":{"line":11,"column":56}},"8":{"start":{"line":13,"column":0},"end":{"line":13,"column":31}}},"fnMap":{},"branchMap":{},"s":{"0":1,"1":1,"2":1,"3":1,"4":1,"5":1,"6":1,"7":1,"8":1},"f":{},"b":{},"_coverageSchema":"1a1c01bbd47fc00a2c39e90264f33305004495a9","hash":"e6f00dc0b70c8e5931d6cf3885da8b84bb6b0c9d"}
,"/home/vb/laFosse/week4/beyond_stem/server/routers/user.js": {"path":"/home/vb/laFosse/week4/beyond_stem/server/routers/user.js","statementMap":{"0":{"start":{"line":1,"column":19},"end":{"line":1,"column":37}},"1":{"start":{"line":3,"column":23},"end":{"line":3,"column":56}},"2":{"start":{"line":5,"column":19},"end":{"line":5,"column":27}},"3":{"start":{"line":7,"column":0},"end":{"line":7,"column":54}},"4":{"start":{"line":8,"column":0},"end":{"line":8,"column":48}},"5":{"start":{"line":10,"column":0},"end":{"line":10,"column":28}}},"fnMap":{},"branchMap":{},"s":{"0":1,"1":1,"2":1,"3":1,"4":1,"5":1},"f":{},"b":{},"_coverageSchema":"1a1c01bbd47fc00a2c39e90264f33305004495a9","hash":"061b7c8bc2823d63ed0bbeb38a9393e1420e7f34"}
}
