TN:
SF:server\controllers\history.js
FN:2,index
FN:11,show
FN:21,create
FN:31,update
FN:43,destroy
FNF:5
FNH:0
FNDA:0,index
FNDA:0,show
FNDA:0,create
FNDA:0,update
FNDA:0,destroy
DA:1,1
DA:3,0
DA:4,0
DA:5,0
DA:7,0
DA:12,0
DA:13,0
DA:14,0
DA:15,0
DA:17,0
DA:22,0
DA:23,0
DA:24,0
DA:25,0
DA:27,0
DA:32,0
DA:33,0
DA:34,0
DA:35,0
DA:36,0
DA:37,0
DA:39,0
DA:44,0
DA:45,0
DA:46,0
DA:47,0
DA:48,0
DA:50,0
DA:54,1
LF:29
LH:2
BRF:0
BRH:0
end_of_record
TN:
SF:server\db\connect.js
FNF:0
FNH:0
DA:1,3
DA:3,3
DA:7,3
LF:3
LH:3
BRF:0
BRH:0
end_of_record
TN:
SF:server\models\History.js
FN:4,(anonymous_0)
FN:10,(anonymous_1)
FN:15,(anonymous_2)
FN:18,(anonymous_3)
FN:29,(anonymous_4)
FN:40,(anonymous_5)
FN:54,(anonymous_6)
FNF:7
FNH:0
FNDA:0,(anonymous_0)
FNDA:0,(anonymous_1)
FNDA:0,(anonymous_2)
FNDA:0,(anonymous_3)
FNDA:0,(anonymous_4)
FNDA:0,(anonymous_5)
FNDA:0,(anonymous_6)
DA:1,2
DA:5,0
DA:6,0
DA:7,0
DA:11,0
DA:12,0
DA:13,0
DA:15,0
DA:19,0
DA:23,0
DA:24,0
DA:26,0
DA:30,0
DA:32,0
DA:37,0
DA:41,0
DA:43,0
DA:48,0
DA:49,0
DA:51,0
DA:55,0
DA:60,0
DA:61,0
DA:64,0
DA:68,2
LF:25
LH:2
BRDA:12,0,0,0
BRDA:12,0,1,0
BRDA:23,1,0,0
BRDA:23,1,1,0
BRDA:48,2,0,0
BRDA:48,2,1,0
BRDA:60,3,0,0
BRDA:60,3,1,0
BRF:8
BRH:0
end_of_record
TN:
SF:server\models\User.js
FN:4,(anonymous_0)
FN:10,(anonymous_1)
FN:21,(anonymous_2)
FN:32,(anonymous_3)
FNF:4
FNH:4
FNDA:2,(anonymous_0)
FNDA:4,(anonymous_1)
FNDA:1,(anonymous_2)
FNDA:1,(anonymous_3)
DA:1,1
DA:5,2
DA:6,2
DA:7,2
DA:11,4
DA:15,3
DA:16,2
DA:18,1
DA:22,1
DA:26,1
DA:27,0
DA:29,1
DA:33,1
DA:34,1
DA:38,1
DA:39,1
DA:40,0
DA:44,1
LF:18
LH:16
BRDA:15,0,0,2
BRDA:15,0,1,1
BRDA:26,1,0,0
BRDA:26,1,1,1
BRF:4
BRH:3
end_of_record
